<?xml version="1.0" encoding="UTF-8"?>
<coverage generated="1674483875244" clover="3.2.0">
  <project timestamp="1674483875245" name="All files">
    <metrics statements="168" coveredstatements="166" conditionals="54" coveredconditionals="48" methods="13" coveredmethods="13" elements="235" coveredelements="227" complexity="0" loc="168" ncloc="168" packages="2" files="6" classes="6"/>
    <package name="src">
      <metrics statements="62" coveredstatements="62" conditionals="18" coveredconditionals="16" methods="4" coveredmethods="4"/>
      <file name="buildTree.js" path="/home/annaborovinskaya/frontend-project-lvl2/src/buildTree.js">
        <metrics statements="27" coveredstatements="27" conditionals="11" coveredconditionals="11" methods="1" coveredmethods="1"/>
        <line num="1" count="1" type="stmt"/>
        <line num="2" count="1" type="stmt"/>
        <line num="3" count="1" type="cond" truecount="1" falsecount="0"/>
        <line num="4" count="40" type="stmt"/>
        <line num="5" count="40" type="stmt"/>
        <line num="6" count="40" type="stmt"/>
        <line num="7" count="40" type="stmt"/>
        <line num="8" count="40" type="cond" truecount="1" falsecount="0"/>
        <line num="9" count="144" type="cond" truecount="1" falsecount="0"/>
        <line num="10" count="40" type="stmt"/>
        <line num="11" count="40" type="stmt"/>
        <line num="12" count="144" type="cond" truecount="2" falsecount="0"/>
        <line num="13" count="16" type="stmt"/>
        <line num="14" count="16" type="stmt"/>
        <line num="15" count="144" type="cond" truecount="3" falsecount="0"/>
        <line num="16" count="32" type="stmt"/>
        <line num="17" count="32" type="stmt"/>
        <line num="18" count="144" type="cond" truecount="2" falsecount="0"/>
        <line num="19" count="32" type="stmt"/>
        <line num="20" count="32" type="stmt"/>
        <line num="21" count="32" type="stmt"/>
        <line num="22" count="32" type="stmt"/>
        <line num="23" count="24" type="cond" truecount="1" falsecount="0"/>
        <line num="24" count="24" type="stmt"/>
        <line num="25" count="40" type="stmt"/>
        <line num="26" count="1" type="stmt"/>
        <line num="27" count="1" type="stmt"/>
      </file>
      <file name="index.js" path="/home/annaborovinskaya/frontend-project-lvl2/src/index.js">
        <metrics statements="20" coveredstatements="20" conditionals="2" coveredconditionals="2" methods="2" coveredmethods="2"/>
        <line num="1" count="1" type="stmt"/>
        <line num="2" count="1" type="stmt"/>
        <line num="3" count="1" type="stmt"/>
        <line num="4" count="1" type="stmt"/>
        <line num="5" count="1" type="stmt"/>
        <line num="6" count="1" type="stmt"/>
        <line num="7" count="1" type="cond" truecount="1" falsecount="0"/>
        <line num="8" count="16" type="stmt"/>
        <line num="9" count="16" type="stmt"/>
        <line num="10" count="16" type="stmt"/>
        <line num="11" count="16" type="stmt"/>
        <line num="12" count="1" type="stmt"/>
        <line num="13" count="1" type="cond" truecount="1" falsecount="0"/>
        <line num="14" count="8" type="stmt"/>
        <line num="15" count="8" type="stmt"/>
        <line num="16" count="8" type="stmt"/>
        <line num="17" count="8" type="stmt"/>
        <line num="18" count="8" type="stmt"/>
        <line num="19" count="1" type="stmt"/>
        <line num="20" count="1" type="stmt"/>
      </file>
      <file name="parsers.js" path="/home/annaborovinskaya/frontend-project-lvl2/src/parsers.js">
        <metrics statements="15" coveredstatements="15" conditionals="5" coveredconditionals="3" methods="1" coveredmethods="1"/>
        <line num="1" count="1" type="stmt"/>
        <line num="2" count="1" type="stmt"/>
        <line num="3" count="1" type="cond" truecount="1" falsecount="0"/>
        <line num="4" count="16" type="stmt"/>
        <line num="5" count="16" type="cond" truecount="0" falsecount="1"/>
        <line num="6" count="16" type="cond" truecount="1" falsecount="0"/>
        <line num="7" count="16" type="stmt"/>
        <line num="8" count="16" type="cond" truecount="1" falsecount="0"/>
        <line num="9" count="16" type="stmt"/>
        <line num="10" count="16" type="cond" truecount="0" falsecount="1"/>
        <line num="11" count="16" type="stmt"/>
        <line num="12" count="16" type="stmt"/>
        <line num="13" count="16" type="stmt"/>
        <line num="14" count="1" type="stmt"/>
        <line num="15" count="1" type="stmt"/>
      </file>
    </package>
    <package name="src.formatters">
      <metrics statements="106" coveredstatements="104" conditionals="36" coveredconditionals="32" methods="9" coveredmethods="9"/>
      <file name="index.js" path="/home/annaborovinskaya/frontend-project-lvl2/src/formatters/index.js">
        <metrics statements="20" coveredstatements="20" conditionals="5" coveredconditionals="4" methods="1" coveredmethods="1"/>
        <line num="1" count="1" type="stmt"/>
        <line num="2" count="1" type="stmt"/>
        <line num="3" count="1" type="stmt"/>
        <line num="4" count="1" type="cond" truecount="1" falsecount="0"/>
        <line num="5" count="8" type="stmt"/>
        <line num="6" count="8" type="cond" truecount="1" falsecount="0"/>
        <line num="7" count="8" type="stmt"/>
        <line num="8" count="8" type="stmt"/>
        <line num="9" count="8" type="cond" truecount="1" falsecount="0"/>
        <line num="10" count="8" type="stmt"/>
        <line num="11" count="8" type="stmt"/>
        <line num="12" count="8" type="cond" truecount="1" falsecount="0"/>
        <line num="13" count="8" type="stmt"/>
        <line num="14" count="8" type="stmt"/>
        <line num="15" count="8" type="cond" truecount="0" falsecount="1"/>
        <line num="16" count="8" type="stmt"/>
        <line num="17" count="8" type="stmt"/>
        <line num="18" count="8" type="stmt"/>
        <line num="19" count="1" type="stmt"/>
        <line num="20" count="1" type="stmt"/>
      </file>
      <file name="plain.js" path="/home/annaborovinskaya/frontend-project-lvl2/src/formatters/plain.js">
        <metrics statements="42" coveredstatements="40" conditionals="16" coveredconditionals="14" methods="3" coveredmethods="3"/>
        <line num="1" count="1" type="stmt"/>
        <line num="2" count="1" type="stmt"/>
        <line num="3" count="1" type="cond" truecount="1" falsecount="0"/>
        <line num="4" count="26" type="cond" truecount="2" falsecount="0"/>
        <line num="5" count="6" type="stmt"/>
        <line num="6" count="6" type="stmt"/>
        <line num="7" count="26" type="cond" truecount="2" falsecount="0"/>
        <line num="8" count="14" type="stmt"/>
        <line num="9" count="14" type="stmt"/>
        <line num="10" count="6" type="cond" truecount="1" falsecount="0"/>
        <line num="11" count="6" type="stmt"/>
        <line num="12" count="1" type="stmt"/>
        <line num="13" count="1" type="cond" truecount="1" falsecount="0"/>
        <line num="14" count="2" type="cond" truecount="1" falsecount="0"/>
        <line num="15" count="10" type="cond" truecount="0" falsecount="1"/>
        <line num="16" count="0" type="stmt"/>
        <line num="17" count="0" type="stmt"/>
        <line num="18" count="10" type="stmt"/>
        <line num="19" count="10" type="cond" truecount="1" falsecount="0"/>
        <line num="20" count="36" type="stmt"/>
        <line num="21" count="36" type="cond" truecount="1" falsecount="0"/>
        <line num="22" count="36" type="stmt"/>
        <line num="23" count="36" type="cond" truecount="1" falsecount="0"/>
        <line num="24" count="36" type="stmt"/>
        <line num="25" count="36" type="cond" truecount="1" falsecount="0"/>
        <line num="26" count="36" type="stmt"/>
        <line num="27" count="36" type="cond" truecount="1" falsecount="0"/>
        <line num="28" count="36" type="stmt"/>
        <line num="29" count="36" type="cond" truecount="1" falsecount="0"/>
        <line num="30" count="36" type="stmt"/>
        <line num="31" count="36" type="cond" truecount="0" falsecount="1"/>
        <line num="32" count="36" type="stmt"/>
        <line num="33" count="36" type="stmt"/>
        <line num="34" count="36" type="stmt"/>
        <line num="35" count="10" type="stmt"/>
        <line num="36" count="10" type="stmt"/>
        <line num="37" count="10" type="stmt"/>
        <line num="38" count="2" type="stmt"/>
        <line num="39" count="2" type="stmt"/>
        <line num="40" count="2" type="stmt"/>
        <line num="41" count="1" type="stmt"/>
        <line num="42" count="1" type="stmt"/>
      </file>
      <file name="stylish.js" path="/home/annaborovinskaya/frontend-project-lvl2/src/formatters/stylish.js">
        <metrics statements="44" coveredstatements="44" conditionals="15" coveredconditionals="14" methods="5" coveredmethods="5"/>
        <line num="1" count="1" type="stmt"/>
        <line num="2" count="1" type="stmt"/>
        <line num="3" count="1" type="cond" truecount="1" falsecount="0"/>
        <line num="4" count="1" type="stmt"/>
        <line num="5" count="1" type="cond" truecount="1" falsecount="0"/>
        <line num="6" count="108" type="cond" truecount="1" falsecount="0"/>
        <line num="7" count="80" type="stmt"/>
        <line num="8" count="80" type="stmt"/>
        <line num="9" count="28" type="cond" truecount="1" falsecount="0"/>
        <line num="10" count="28" type="stmt"/>
        <line num="11" count="28" type="stmt"/>
        <line num="12" count="28" type="cond" truecount="1" falsecount="0"/>
        <line num="13" count="28" type="stmt"/>
        <line num="14" count="28" type="stmt"/>
        <line num="15" count="28" type="stmt"/>
        <line num="16" count="28" type="stmt"/>
        <line num="17" count="28" type="stmt"/>
        <line num="18" count="28" type="stmt"/>
        <line num="19" count="28" type="stmt"/>
        <line num="20" count="1" type="stmt"/>
        <line num="21" count="1" type="cond" truecount="1" falsecount="0"/>
        <line num="22" count="4" type="cond" truecount="2" falsecount="0"/>
        <line num="23" count="72" type="cond" truecount="1" falsecount="0"/>
        <line num="24" count="72" type="stmt"/>
        <line num="25" count="72" type="stmt"/>
        <line num="26" count="72" type="cond" truecount="1" falsecount="0"/>
        <line num="27" count="72" type="stmt"/>
        <line num="28" count="72" type="cond" truecount="1" falsecount="0"/>
        <line num="29" count="72" type="stmt"/>
        <line num="30" count="72" type="cond" truecount="1" falsecount="0"/>
        <line num="31" count="72" type="stmt"/>
        <line num="32" count="72" type="cond" truecount="1" falsecount="0"/>
        <line num="33" count="72" type="stmt"/>
        <line num="34" count="72" type="cond" truecount="1" falsecount="0"/>
        <line num="35" count="72" type="stmt"/>
        <line num="36" count="72" type="cond" truecount="0" falsecount="1"/>
        <line num="37" count="72" type="stmt"/>
        <line num="38" count="72" type="stmt"/>
        <line num="39" count="72" type="stmt"/>
        <line num="40" count="4" type="stmt"/>
        <line num="41" count="4" type="stmt"/>
        <line num="42" count="4" type="stmt"/>
        <line num="43" count="1" type="stmt"/>
        <line num="44" count="1" type="stmt"/>
      </file>
    </package>
  </project>
</coverage>
