{"/home/annaborovinskaya/frontend-project-lvl2/src/buildTree.js": {"path":"/home/annaborovinskaya/frontend-project-lvl2/src/buildTree.js","all":false,"statementMap":{"0":{"start":{"line":1,"column":0},"end":{"line":1,"column":23}},"1":{"start":{"line":2,"column":0},"end":{"line":2,"column":0}},"2":{"start":{"line":3,"column":0},"end":{"line":3,"column":37}},"3":{"start":{"line":4,"column":0},"end":{"line":4,"column":68}},"4":{"start":{"line":5,"column":0},"end":{"line":5,"column":37}},"5":{"start":{"line":6,"column":0},"end":{"line":6,"column":0}},"6":{"start":{"line":7,"column":0},"end":{"line":7,"column":15}},"7":{"start":{"line":8,"column":0},"end":{"line":8,"column":20}},"8":{"start":{"line":9,"column":0},"end":{"line":9,"column":32}},"9":{"start":{"line":10,"column":0},"end":{"line":10,"column":65}},"10":{"start":{"line":11,"column":0},"end":{"line":11,"column":7}},"11":{"start":{"line":12,"column":0},"end":{"line":12,"column":32}},"12":{"start":{"line":13,"column":0},"end":{"line":13,"column":67}},"13":{"start":{"line":14,"column":0},"end":{"line":14,"column":7}},"14":{"start":{"line":15,"column":0},"end":{"line":15,"column":63}},"15":{"start":{"line":16,"column":0},"end":{"line":16,"column":93}},"16":{"start":{"line":17,"column":0},"end":{"line":17,"column":7}},"17":{"start":{"line":18,"column":0},"end":{"line":18,"column":49}},"18":{"start":{"line":19,"column":0},"end":{"line":19,"column":16}},"19":{"start":{"line":20,"column":0},"end":{"line":20,"column":92}},"20":{"start":{"line":21,"column":0},"end":{"line":21,"column":10}},"21":{"start":{"line":22,"column":0},"end":{"line":22,"column":7}},"22":{"start":{"line":23,"column":0},"end":{"line":23,"column":67}},"23":{"start":{"line":24,"column":0},"end":{"line":24,"column":7}},"24":{"start":{"line":25,"column":0},"end":{"line":25,"column":2}},"25":{"start":{"line":26,"column":0},"end":{"line":26,"column":0}},"26":{"start":{"line":27,"column":0},"end":{"line":27,"column":25}}},"s":{"0":1,"1":1,"2":1,"3":40,"4":40,"5":40,"6":40,"7":40,"8":144,"9":40,"10":40,"11":144,"12":16,"13":16,"14":144,"15":32,"16":32,"17":144,"18":32,"19":32,"20":32,"21":32,"22":24,"23":24,"24":40,"25":1,"26":1},"branchMap":{"0":{"type":"branch","line":3,"loc":{"start":{"line":3,"column":18},"end":{"line":25,"column":2}},"locations":[{"start":{"line":3,"column":18},"end":{"line":25,"column":2}}]},"1":{"type":"branch","line":8,"loc":{"start":{"line":8,"column":10},"end":{"line":24,"column":7}},"locations":[{"start":{"line":8,"column":10},"end":{"line":24,"column":7}}]},"2":{"type":"branch","line":9,"loc":{"start":{"line":9,"column":31},"end":{"line":11,"column":7}},"locations":[{"start":{"line":9,"column":31},"end":{"line":11,"column":7}}]},"3":{"type":"branch","line":12,"loc":{"start":{"line":12,"column":-1},"end":{"line":12,"column":10}},"locations":[{"start":{"line":12,"column":-1},"end":{"line":12,"column":10}}]},"4":{"type":"branch","line":12,"loc":{"start":{"line":12,"column":31},"end":{"line":14,"column":7}},"locations":[{"start":{"line":12,"column":31},"end":{"line":14,"column":7}}]},"5":{"type":"branch","line":15,"loc":{"start":{"line":15,"column":-1},"end":{"line":15,"column":11}},"locations":[{"start":{"line":15,"column":-1},"end":{"line":15,"column":11}}]},"6":{"type":"branch","line":15,"loc":{"start":{"line":15,"column":10},"end":{"line":15,"column":38}},"locations":[{"start":{"line":15,"column":10},"end":{"line":15,"column":38}}]},"7":{"type":"branch","line":15,"loc":{"start":{"line":15,"column":62},"end":{"line":17,"column":7}},"locations":[{"start":{"line":15,"column":62},"end":{"line":17,"column":7}}]},"8":{"type":"branch","line":18,"loc":{"start":{"line":18,"column":-1},"end":{"line":18,"column":10}},"locations":[{"start":{"line":18,"column":-1},"end":{"line":18,"column":10}}]},"9":{"type":"branch","line":18,"loc":{"start":{"line":18,"column":48},"end":{"line":22,"column":7}},"locations":[{"start":{"line":18,"column":48},"end":{"line":22,"column":7}}]},"10":{"type":"branch","line":23,"loc":{"start":{"line":23,"column":-1},"end":{"line":24,"column":7}},"locations":[{"start":{"line":23,"column":-1},"end":{"line":24,"column":7}}]}},"b":{"0":[40],"1":[144],"2":[40],"3":[104],"4":[16],"5":[88],"6":[40],"7":[32],"8":[56],"9":[32],"10":[24]},"fnMap":{"0":{"name":"buildTree","decl":{"start":{"line":3,"column":18},"end":{"line":25,"column":2}},"loc":{"start":{"line":3,"column":18},"end":{"line":25,"column":2}},"line":3}},"f":{"0":40}}
,"/home/annaborovinskaya/frontend-project-lvl2/src/index.js": {"path":"/home/annaborovinskaya/frontend-project-lvl2/src/index.js","all":false,"statementMap":{"0":{"start":{"line":1,"column":0},"end":{"line":1,"column":24}},"1":{"start":{"line":2,"column":0},"end":{"line":2,"column":25}},"2":{"start":{"line":3,"column":0},"end":{"line":3,"column":39}},"3":{"start":{"line":4,"column":0},"end":{"line":4,"column":52}},"4":{"start":{"line":5,"column":0},"end":{"line":5,"column":37}},"5":{"start":{"line":6,"column":0},"end":{"line":6,"column":0}},"6":{"start":{"line":7,"column":0},"end":{"line":7,"column":31}},"7":{"start":{"line":8,"column":0},"end":{"line":8,"column":40}},"8":{"start":{"line":9,"column":0},"end":{"line":9,"column":49}},"9":{"start":{"line":10,"column":0},"end":{"line":10,"column":32}},"10":{"start":{"line":11,"column":0},"end":{"line":11,"column":2}},"11":{"start":{"line":12,"column":0},"end":{"line":12,"column":0}},"12":{"start":{"line":13,"column":0},"end":{"line":13,"column":63}},"13":{"start":{"line":14,"column":0},"end":{"line":14,"column":35}},"14":{"start":{"line":15,"column":0},"end":{"line":15,"column":35}},"15":{"start":{"line":16,"column":0},"end":{"line":16,"column":43}},"16":{"start":{"line":17,"column":0},"end":{"line":17,"column":43}},"17":{"start":{"line":18,"column":0},"end":{"line":18,"column":2}},"18":{"start":{"line":19,"column":0},"end":{"line":19,"column":0}},"19":{"start":{"line":20,"column":0},"end":{"line":20,"column":23}}},"s":{"0":1,"1":1,"2":1,"3":1,"4":1,"5":1,"6":1,"7":16,"8":16,"9":16,"10":16,"11":1,"12":1,"13":8,"14":8,"15":8,"16":8,"17":8,"18":1,"19":1},"branchMap":{"0":{"type":"branch","line":7,"loc":{"start":{"line":7,"column":17},"end":{"line":11,"column":2}},"locations":[{"start":{"line":7,"column":17},"end":{"line":11,"column":2}}]},"1":{"type":"branch","line":13,"loc":{"start":{"line":13,"column":16},"end":{"line":18,"column":2}},"locations":[{"start":{"line":13,"column":16},"end":{"line":18,"column":2}}]}},"b":{"0":[16],"1":[8]},"fnMap":{"0":{"name":"getData","decl":{"start":{"line":7,"column":17},"end":{"line":11,"column":2}},"loc":{"start":{"line":7,"column":17},"end":{"line":11,"column":2}},"line":7},"1":{"name":"genDiff","decl":{"start":{"line":13,"column":16},"end":{"line":18,"column":2}},"loc":{"start":{"line":13,"column":16},"end":{"line":18,"column":2}},"line":13}},"f":{"0":16,"1":8}}
,"/home/annaborovinskaya/frontend-project-lvl2/src/parsers.js": {"path":"/home/annaborovinskaya/frontend-project-lvl2/src/parsers.js","all":false,"statementMap":{"0":{"start":{"line":1,"column":0},"end":{"line":1,"column":27}},"1":{"start":{"line":2,"column":0},"end":{"line":2,"column":0}},"2":{"start":{"line":3,"column":0},"end":{"line":3,"column":36}},"3":{"start":{"line":4,"column":0},"end":{"line":4,"column":19}},"4":{"start":{"line":5,"column":0},"end":{"line":5,"column":17}},"5":{"start":{"line":6,"column":0},"end":{"line":6,"column":16}},"6":{"start":{"line":7,"column":0},"end":{"line":7,"column":28}},"7":{"start":{"line":8,"column":0},"end":{"line":8,"column":17}},"8":{"start":{"line":9,"column":0},"end":{"line":9,"column":29}},"9":{"start":{"line":10,"column":0},"end":{"line":10,"column":12}},"10":{"start":{"line":11,"column":0},"end":{"line":11,"column":27}},"11":{"start":{"line":12,"column":0},"end":{"line":12,"column":3}},"12":{"start":{"line":13,"column":0},"end":{"line":13,"column":2}},"13":{"start":{"line":14,"column":0},"end":{"line":14,"column":0}},"14":{"start":{"line":15,"column":0},"end":{"line":15,"column":25}}},"s":{"0":1,"1":1,"2":1,"3":16,"4":16,"5":16,"6":16,"7":16,"8":16,"9":16,"10":16,"11":16,"12":16,"13":1,"14":1},"branchMap":{"0":{"type":"branch","line":3,"loc":{"start":{"line":3,"column":18},"end":{"line":13,"column":2}},"locations":[{"start":{"line":3,"column":18},"end":{"line":13,"column":2}}]},"1":{"type":"branch","line":5,"loc":{"start":{"line":5,"column":4},"end":{"line":5,"column":9}},"locations":[{"start":{"line":5,"column":4},"end":{"line":5,"column":9}}]},"2":{"type":"branch","line":6,"loc":{"start":{"line":6,"column":4},"end":{"line":7,"column":13}},"locations":[{"start":{"line":6,"column":4},"end":{"line":7,"column":13}}]},"3":{"type":"branch","line":8,"loc":{"start":{"line":8,"column":4},"end":{"line":9,"column":13}},"locations":[{"start":{"line":8,"column":4},"end":{"line":9,"column":13}}]},"4":{"type":"branch","line":10,"loc":{"start":{"line":10,"column":4},"end":{"line":11,"column":12}},"locations":[{"start":{"line":10,"column":4},"end":{"line":11,"column":12}}]}},"b":{"0":[16],"1":[0],"2":[8],"3":[8],"4":[0]},"fnMap":{"0":{"name":"parseFile","decl":{"start":{"line":3,"column":18},"end":{"line":13,"column":2}},"loc":{"start":{"line":3,"column":18},"end":{"line":13,"column":2}},"line":3}},"f":{"0":16}}
,"/home/annaborovinskaya/frontend-project-lvl2/src/formatters/index.js": {"path":"/home/annaborovinskaya/frontend-project-lvl2/src/formatters/index.js","all":false,"statementMap":{"0":{"start":{"line":1,"column":0},"end":{"line":1,"column":35}},"1":{"start":{"line":2,"column":0},"end":{"line":2,"column":31}},"2":{"start":{"line":3,"column":0},"end":{"line":3,"column":0}},"3":{"start":{"line":4,"column":0},"end":{"line":4,"column":43}},"4":{"start":{"line":5,"column":0},"end":{"line":5,"column":19}},"5":{"start":{"line":6,"column":0},"end":{"line":6,"column":19}},"6":{"start":{"line":7,"column":0},"end":{"line":7,"column":27}},"7":{"start":{"line":8,"column":0},"end":{"line":8,"column":0}},"8":{"start":{"line":9,"column":0},"end":{"line":9,"column":17}},"9":{"start":{"line":10,"column":0},"end":{"line":10,"column":25}},"10":{"start":{"line":11,"column":0},"end":{"line":11,"column":0}},"11":{"start":{"line":12,"column":0},"end":{"line":12,"column":16}},"12":{"start":{"line":13,"column":0},"end":{"line":13,"column":45}},"13":{"start":{"line":14,"column":0},"end":{"line":14,"column":0}},"14":{"start":{"line":15,"column":0},"end":{"line":15,"column":12}},"15":{"start":{"line":16,"column":0},"end":{"line":16,"column":31}},"16":{"start":{"line":17,"column":0},"end":{"line":17,"column":3}},"17":{"start":{"line":18,"column":0},"end":{"line":18,"column":2}},"18":{"start":{"line":19,"column":0},"end":{"line":19,"column":0}},"19":{"start":{"line":20,"column":0},"end":{"line":20,"column":31}}},"s":{"0":1,"1":1,"2":1,"3":1,"4":8,"5":8,"6":8,"7":8,"8":8,"9":8,"10":8,"11":8,"12":8,"13":8,"14":8,"15":8,"16":8,"17":8,"18":1,"19":1},"branchMap":{"0":{"type":"branch","line":4,"loc":{"start":{"line":4,"column":24},"end":{"line":18,"column":2}},"locations":[{"start":{"line":4,"column":24},"end":{"line":18,"column":2}}]},"1":{"type":"branch","line":6,"loc":{"start":{"line":6,"column":4},"end":{"line":7,"column":13}},"locations":[{"start":{"line":6,"column":4},"end":{"line":7,"column":13}}]},"2":{"type":"branch","line":9,"loc":{"start":{"line":9,"column":4},"end":{"line":10,"column":13}},"locations":[{"start":{"line":9,"column":4},"end":{"line":10,"column":13}}]},"3":{"type":"branch","line":12,"loc":{"start":{"line":12,"column":4},"end":{"line":13,"column":13}},"locations":[{"start":{"line":12,"column":4},"end":{"line":13,"column":13}}]},"4":{"type":"branch","line":15,"loc":{"start":{"line":15,"column":4},"end":{"line":16,"column":12}},"locations":[{"start":{"line":15,"column":4},"end":{"line":16,"column":12}}]}},"b":{"0":[8],"1":[4],"2":[2],"3":[2],"4":[0]},"fnMap":{"0":{"name":"getDataInFormat","decl":{"start":{"line":4,"column":24},"end":{"line":18,"column":2}},"loc":{"start":{"line":4,"column":24},"end":{"line":18,"column":2}},"line":4}},"f":{"0":8}}
,"/home/annaborovinskaya/frontend-project-lvl2/src/formatters/plain.js": {"path":"/home/annaborovinskaya/frontend-project-lvl2/src/formatters/plain.js","all":false,"statementMap":{"0":{"start":{"line":1,"column":0},"end":{"line":1,"column":23}},"1":{"start":{"line":2,"column":0},"end":{"line":2,"column":0}},"2":{"start":{"line":3,"column":0},"end":{"line":3,"column":29}},"3":{"start":{"line":4,"column":0},"end":{"line":4,"column":44}},"4":{"start":{"line":5,"column":0},"end":{"line":5,"column":29}},"5":{"start":{"line":6,"column":0},"end":{"line":6,"column":3}},"6":{"start":{"line":7,"column":0},"end":{"line":7,"column":34}},"7":{"start":{"line":8,"column":0},"end":{"line":8,"column":24}},"8":{"start":{"line":9,"column":0},"end":{"line":9,"column":3}},"9":{"start":{"line":10,"column":0},"end":{"line":10,"column":15}},"10":{"start":{"line":11,"column":0},"end":{"line":11,"column":2}},"11":{"start":{"line":12,"column":0},"end":{"line":12,"column":0}},"12":{"start":{"line":13,"column":0},"end":{"line":13,"column":25}},"13":{"start":{"line":14,"column":0},"end":{"line":14,"column":42}},"14":{"start":{"line":15,"column":0},"end":{"line":15,"column":36}},"15":{"start":{"line":16,"column":0},"end":{"line":16,"column":31}},"16":{"start":{"line":17,"column":0},"end":{"line":17,"column":5}},"17":{"start":{"line":18,"column":0},"end":{"line":18,"column":0}},"18":{"start":{"line":19,"column":0},"end":{"line":19,"column":66}},"19":{"start":{"line":20,"column":0},"end":{"line":20,"column":26}},"20":{"start":{"line":21,"column":0},"end":{"line":21,"column":22}},"21":{"start":{"line":22,"column":0},"end":{"line":22,"column":63}},"22":{"start":{"line":23,"column":0},"end":{"line":23,"column":21}},"23":{"start":{"line":24,"column":0},"end":{"line":24,"column":98}},"24":{"start":{"line":25,"column":0},"end":{"line":25,"column":23}},"25":{"start":{"line":26,"column":0},"end":{"line":26,"column":64}},"26":{"start":{"line":27,"column":0},"end":{"line":27,"column":23}},"27":{"start":{"line":28,"column":0},"end":{"line":28,"column":135}},"28":{"start":{"line":29,"column":0},"end":{"line":29,"column":25}},"29":{"start":{"line":30,"column":0},"end":{"line":30,"column":20}},"30":{"start":{"line":31,"column":0},"end":{"line":31,"column":16}},"31":{"start":{"line":32,"column":0},"end":{"line":32,"column":35}},"32":{"start":{"line":33,"column":0},"end":{"line":33,"column":7}},"33":{"start":{"line":34,"column":0},"end":{"line":34,"column":7}},"34":{"start":{"line":35,"column":0},"end":{"line":35,"column":0}},"35":{"start":{"line":36,"column":0},"end":{"line":36,"column":44}},"36":{"start":{"line":37,"column":0},"end":{"line":37,"column":4}},"37":{"start":{"line":38,"column":0},"end":{"line":38,"column":0}},"38":{"start":{"line":39,"column":0},"end":{"line":39,"column":24}},"39":{"start":{"line":40,"column":0},"end":{"line":40,"column":2}},"40":{"start":{"line":41,"column":0},"end":{"line":41,"column":0}},"41":{"start":{"line":42,"column":0},"end":{"line":42,"column":21}}},"s":{"0":1,"1":1,"2":1,"3":26,"4":6,"5":6,"6":26,"7":14,"8":14,"9":6,"10":6,"11":1,"12":1,"13":2,"14":10,"15":0,"16":0,"17":10,"18":10,"19":36,"20":36,"21":36,"22":36,"23":36,"24":36,"25":36,"26":36,"27":36,"28":36,"29":36,"30":36,"31":36,"32":36,"33":36,"34":10,"35":10,"36":10,"37":2,"38":2,"39":2,"40":1,"41":1},"branchMap":{"0":{"type":"branch","line":3,"loc":{"start":{"line":3,"column":18},"end":{"line":11,"column":2}},"locations":[{"start":{"line":3,"column":18},"end":{"line":11,"column":2}}]},"1":{"type":"branch","line":4,"loc":{"start":{"line":4,"column":6},"end":{"line":4,"column":43}},"locations":[{"start":{"line":4,"column":6},"end":{"line":4,"column":43}}]},"2":{"type":"branch","line":4,"loc":{"start":{"line":4,"column":43},"end":{"line":6,"column":3}},"locations":[{"start":{"line":4,"column":43},"end":{"line":6,"column":3}}]},"3":{"type":"branch","line":7,"loc":{"start":{"line":7,"column":-1},"end":{"line":7,"column":6}},"locations":[{"start":{"line":7,"column":-1},"end":{"line":7,"column":6}}]},"4":{"type":"branch","line":7,"loc":{"start":{"line":7,"column":33},"end":{"line":9,"column":3}},"locations":[{"start":{"line":7,"column":33},"end":{"line":9,"column":3}}]},"5":{"type":"branch","line":10,"loc":{"start":{"line":10,"column":-1},"end":{"line":11,"column":2}},"locations":[{"start":{"line":10,"column":-1},"end":{"line":11,"column":2}}]},"6":{"type":"branch","line":13,"loc":{"start":{"line":13,"column":15},"end":{"line":40,"column":2}},"locations":[{"start":{"line":13,"column":15},"end":{"line":40,"column":2}}]},"7":{"type":"branch","line":14,"loc":{"start":{"line":14,"column":15},"end":{"line":37,"column":4}},"locations":[{"start":{"line":14,"column":15},"end":{"line":37,"column":4}}]},"8":{"type":"branch","line":15,"loc":{"start":{"line":15,"column":35},"end":{"line":17,"column":5}},"locations":[{"start":{"line":15,"column":35},"end":{"line":17,"column":5}}]},"9":{"type":"branch","line":19,"loc":{"start":{"line":19,"column":51},"end":{"line":34,"column":7}},"locations":[{"start":{"line":19,"column":51},"end":{"line":34,"column":7}}]},"10":{"type":"branch","line":21,"loc":{"start":{"line":21,"column":8},"end":{"line":22,"column":17}},"locations":[{"start":{"line":21,"column":8},"end":{"line":22,"column":17}}]},"11":{"type":"branch","line":23,"loc":{"start":{"line":23,"column":8},"end":{"line":24,"column":18}},"locations":[{"start":{"line":23,"column":8},"end":{"line":24,"column":18}}]},"12":{"type":"branch","line":25,"loc":{"start":{"line":25,"column":8},"end":{"line":26,"column":18}},"locations":[{"start":{"line":25,"column":8},"end":{"line":26,"column":18}}]},"13":{"type":"branch","line":27,"loc":{"start":{"line":27,"column":8},"end":{"line":28,"column":18}},"locations":[{"start":{"line":27,"column":8},"end":{"line":28,"column":18}}]},"14":{"type":"branch","line":29,"loc":{"start":{"line":29,"column":8},"end":{"line":30,"column":17}},"locations":[{"start":{"line":29,"column":8},"end":{"line":30,"column":17}}]},"15":{"type":"branch","line":31,"loc":{"start":{"line":31,"column":8},"end":{"line":32,"column":16}},"locations":[{"start":{"line":31,"column":8},"end":{"line":32,"column":16}}]}},"b":{"0":[26],"1":[6],"2":[6],"3":[20],"4":[14],"5":[6],"6":[2],"7":[10],"8":[0],"9":[36],"10":[8],"11":[10],"12":[4],"13":[8],"14":[6],"15":[0]},"fnMap":{"0":{"name":"getValue","decl":{"start":{"line":3,"column":18},"end":{"line":11,"column":2}},"loc":{"start":{"line":3,"column":18},"end":{"line":11,"column":2}},"line":3},"1":{"name":"plain","decl":{"start":{"line":13,"column":15},"end":{"line":40,"column":2}},"loc":{"start":{"line":13,"column":15},"end":{"line":40,"column":2}},"line":13},"2":{"name":"iter","decl":{"start":{"line":14,"column":15},"end":{"line":37,"column":4}},"loc":{"start":{"line":14,"column":15},"end":{"line":37,"column":4}},"line":14}},"f":{"0":26,"1":2,"2":10}}
,"/home/annaborovinskaya/frontend-project-lvl2/src/formatters/stylish.js": {"path":"/home/annaborovinskaya/frontend-project-lvl2/src/formatters/stylish.js","all":false,"statementMap":{"0":{"start":{"line":1,"column":0},"end":{"line":1,"column":23}},"1":{"start":{"line":2,"column":0},"end":{"line":2,"column":0}},"2":{"start":{"line":3,"column":0},"end":{"line":3,"column":77}},"3":{"start":{"line":4,"column":0},"end":{"line":4,"column":0}},"4":{"start":{"line":5,"column":0},"end":{"line":5,"column":36}},"5":{"start":{"line":6,"column":0},"end":{"line":6,"column":26}},"6":{"start":{"line":7,"column":0},"end":{"line":7,"column":21}},"7":{"start":{"line":8,"column":0},"end":{"line":8,"column":3}},"8":{"start":{"line":9,"column":0},"end":{"line":9,"column":0}},"9":{"start":{"line":10,"column":0},"end":{"line":10,"column":22}},"10":{"start":{"line":11,"column":0},"end":{"line":11,"column":18}},"11":{"start":{"line":12,"column":0},"end":{"line":12,"column":91}},"12":{"start":{"line":13,"column":0},"end":{"line":13,"column":0}},"13":{"start":{"line":14,"column":0},"end":{"line":14,"column":10}},"14":{"start":{"line":15,"column":0},"end":{"line":15,"column":8}},"15":{"start":{"line":16,"column":0},"end":{"line":16,"column":13}},"16":{"start":{"line":17,"column":0},"end":{"line":17,"column":26}},"17":{"start":{"line":18,"column":0},"end":{"line":18,"column":15}},"18":{"start":{"line":19,"column":0},"end":{"line":19,"column":2}},"19":{"start":{"line":20,"column":0},"end":{"line":20,"column":0}},"20":{"start":{"line":21,"column":0},"end":{"line":21,"column":27}},"21":{"start":{"line":22,"column":0},"end":{"line":22,"column":52}},"22":{"start":{"line":23,"column":0},"end":{"line":23,"column":107}},"23":{"start":{"line":24,"column":0},"end":{"line":24,"column":0}},"24":{"start":{"line":25,"column":0},"end":{"line":25,"column":24}},"25":{"start":{"line":26,"column":0},"end":{"line":26,"column":19}},"26":{"start":{"line":27,"column":0},"end":{"line":27,"column":41}},"27":{"start":{"line":28,"column":0},"end":{"line":28,"column":21}},"28":{"start":{"line":29,"column":0},"end":{"line":29,"column":41}},"29":{"start":{"line":30,"column":0},"end":{"line":30,"column":23}},"30":{"start":{"line":31,"column":0},"end":{"line":31,"column":41}},"31":{"start":{"line":32,"column":0},"end":{"line":32,"column":21}},"32":{"start":{"line":33,"column":0},"end":{"line":33,"column":88}},"33":{"start":{"line":34,"column":0},"end":{"line":34,"column":20}},"34":{"start":{"line":35,"column":0},"end":{"line":35,"column":116}},"35":{"start":{"line":36,"column":0},"end":{"line":36,"column":14}},"36":{"start":{"line":37,"column":0},"end":{"line":37,"column":33}},"37":{"start":{"line":38,"column":0},"end":{"line":38,"column":5}},"38":{"start":{"line":39,"column":0},"end":{"line":39,"column":5}},"39":{"start":{"line":40,"column":0},"end":{"line":40,"column":0}},"40":{"start":{"line":41,"column":0},"end":{"line":41,"column":41}},"41":{"start":{"line":42,"column":0},"end":{"line":42,"column":2}},"42":{"start":{"line":43,"column":0},"end":{"line":43,"column":0}},"43":{"start":{"line":44,"column":0},"end":{"line":44,"column":23}}},"s":{"0":1,"1":1,"2":1,"3":1,"4":1,"5":108,"6":80,"7":80,"8":28,"9":28,"10":28,"11":28,"12":28,"13":28,"14":28,"15":28,"16":28,"17":28,"18":28,"19":1,"20":1,"21":4,"22":72,"23":72,"24":72,"25":72,"26":72,"27":72,"28":72,"29":72,"30":72,"31":72,"32":72,"33":72,"34":72,"35":72,"36":72,"37":72,"38":72,"39":4,"40":4,"41":4,"42":1,"43":1},"branchMap":{"0":{"type":"branch","line":3,"loc":{"start":{"line":3,"column":15},"end":{"line":3,"column":46}},"locations":[{"start":{"line":3,"column":15},"end":{"line":3,"column":46}}]},"1":{"type":"branch","line":5,"loc":{"start":{"line":5,"column":18},"end":{"line":19,"column":2}},"locations":[{"start":{"line":5,"column":18},"end":{"line":19,"column":2}}]},"2":{"type":"branch","line":6,"loc":{"start":{"line":6,"column":25},"end":{"line":8,"column":3}},"locations":[{"start":{"line":6,"column":25},"end":{"line":8,"column":3}}]},"3":{"type":"branch","line":9,"loc":{"start":{"line":9,"column":-1},"end":{"line":19,"column":2}},"locations":[{"start":{"line":9,"column":-1},"end":{"line":19,"column":2}}]},"4":{"type":"branch","line":12,"loc":{"start":{"line":12,"column":9},"end":{"line":12,"column":91}},"locations":[{"start":{"line":12,"column":9},"end":{"line":12,"column":91}}]},"5":{"type":"branch","line":21,"loc":{"start":{"line":21,"column":17},"end":{"line":42,"column":2}},"locations":[{"start":{"line":21,"column":17},"end":{"line":42,"column":2}}]},"6":{"type":"branch","line":22,"loc":{"start":{"line":22,"column":15},"end":{"line":22,"column":36}},"locations":[{"start":{"line":22,"column":15},"end":{"line":22,"column":36}}]},"7":{"type":"branch","line":22,"loc":{"start":{"line":22,"column":42},"end":{"line":39,"column":5}},"locations":[{"start":{"line":22,"column":42},"end":{"line":39,"column":5}}]},"8":{"type":"branch","line":26,"loc":{"start":{"line":26,"column":6},"end":{"line":27,"column":15}},"locations":[{"start":{"line":26,"column":6},"end":{"line":27,"column":15}}]},"9":{"type":"branch","line":28,"loc":{"start":{"line":28,"column":6},"end":{"line":29,"column":15}},"locations":[{"start":{"line":28,"column":6},"end":{"line":29,"column":15}}]},"10":{"type":"branch","line":30,"loc":{"start":{"line":30,"column":6},"end":{"line":31,"column":15}},"locations":[{"start":{"line":30,"column":6},"end":{"line":31,"column":15}}]},"11":{"type":"branch","line":32,"loc":{"start":{"line":32,"column":6},"end":{"line":33,"column":16}},"locations":[{"start":{"line":32,"column":6},"end":{"line":33,"column":16}}]},"12":{"type":"branch","line":34,"loc":{"start":{"line":34,"column":6},"end":{"line":35,"column":16}},"locations":[{"start":{"line":34,"column":6},"end":{"line":35,"column":16}}]},"13":{"type":"branch","line":36,"loc":{"start":{"line":36,"column":6},"end":{"line":37,"column":14}},"locations":[{"start":{"line":36,"column":6},"end":{"line":37,"column":14}}]},"14":{"type":"branch","line":23,"loc":{"start":{"line":23,"column":21},"end":{"line":23,"column":107}},"locations":[{"start":{"line":23,"column":21},"end":{"line":23,"column":107}}]}},"b":{"0":[168],"1":[108],"2":[80],"3":[28],"4":[36],"5":[4],"6":[20],"7":[72],"8":[20],"9":[8],"10":[12],"11":[16],"12":[16],"13":[0],"14":[72]},"fnMap":{"0":{"name":"indent","decl":{"start":{"line":3,"column":15},"end":{"line":3,"column":46}},"loc":{"start":{"line":3,"column":15},"end":{"line":3,"column":46}},"line":3},"1":{"name":"stringify","decl":{"start":{"line":5,"column":18},"end":{"line":19,"column":2}},"loc":{"start":{"line":5,"column":18},"end":{"line":19,"column":2}},"line":5},"2":{"name":"stylish","decl":{"start":{"line":21,"column":17},"end":{"line":42,"column":2}},"loc":{"start":{"line":21,"column":17},"end":{"line":42,"column":2}},"line":21},"3":{"name":"iter","decl":{"start":{"line":22,"column":15},"end":{"line":22,"column":36}},"loc":{"start":{"line":22,"column":15},"end":{"line":22,"column":36}},"line":22},"4":{"name":"getValue","decl":{"start":{"line":23,"column":21},"end":{"line":23,"column":107}},"loc":{"start":{"line":23,"column":21},"end":{"line":23,"column":107}},"line":23}},"f":{"0":168,"1":108,"2":4,"3":20,"4":72}}
}
