{"/home/annaborovinskaya/frontend-project-lvl2/src/index.js": {"path":"/home/annaborovinskaya/frontend-project-lvl2/src/index.js","all":false,"statementMap":{"0":{"start":{"line":1,"column":0},"end":{"line":1,"column":23}},"1":{"start":{"line":2,"column":0},"end":{"line":2,"column":25}},"2":{"start":{"line":3,"column":0},"end":{"line":3,"column":29}},"3":{"start":{"line":4,"column":0},"end":{"line":4,"column":31}},"4":{"start":{"line":5,"column":0},"end":{"line":5,"column":0}},"5":{"start":{"line":6,"column":0},"end":{"line":6,"column":43}},"6":{"start":{"line":7,"column":0},"end":{"line":7,"column":0}},"7":{"start":{"line":8,"column":0},"end":{"line":8,"column":34}},"8":{"start":{"line":9,"column":0},"end":{"line":9,"column":131}},"9":{"start":{"line":10,"column":0},"end":{"line":10,"column":4}},"10":{"start":{"line":11,"column":0},"end":{"line":11,"column":0}},"11":{"start":{"line":12,"column":0},"end":{"line":12,"column":56}},"12":{"start":{"line":13,"column":0},"end":{"line":13,"column":57}},"13":{"start":{"line":14,"column":0},"end":{"line":14,"column":1}},"14":{"start":{"line":15,"column":0},"end":{"line":15,"column":40}},"15":{"start":{"line":16,"column":0},"end":{"line":16,"column":42}},"16":{"start":{"line":17,"column":0},"end":{"line":17,"column":65}},"17":{"start":{"line":18,"column":0},"end":{"line":18,"column":0}},"18":{"start":{"line":19,"column":0},"end":{"line":19,"column":45}},"19":{"start":{"line":20,"column":0},"end":{"line":20,"column":29}},"20":{"start":{"line":21,"column":0},"end":{"line":21,"column":35}},"21":{"start":{"line":22,"column":0},"end":{"line":22,"column":5}},"22":{"start":{"line":23,"column":0},"end":{"line":23,"column":29}},"23":{"start":{"line":24,"column":0},"end":{"line":24,"column":35}},"24":{"start":{"line":25,"column":0},"end":{"line":25,"column":5}},"25":{"start":{"line":26,"column":0},"end":{"line":26,"column":49}},"26":{"start":{"line":27,"column":0},"end":{"line":27,"column":38}},"27":{"start":{"line":28,"column":0},"end":{"line":28,"column":37}},"28":{"start":{"line":29,"column":0},"end":{"line":29,"column":37}},"29":{"start":{"line":30,"column":0},"end":{"line":30,"column":7}},"30":{"start":{"line":31,"column":0},"end":{"line":31,"column":38}},"31":{"start":{"line":32,"column":0},"end":{"line":32,"column":37}},"32":{"start":{"line":33,"column":0},"end":{"line":33,"column":7}},"33":{"start":{"line":34,"column":0},"end":{"line":34,"column":5}},"34":{"start":{"line":35,"column":0},"end":{"line":35,"column":15}},"35":{"start":{"line":36,"column":0},"end":{"line":36,"column":9}},"36":{"start":{"line":37,"column":0},"end":{"line":37,"column":0}},"37":{"start":{"line":38,"column":0},"end":{"line":38,"column":52}},"38":{"start":{"line":39,"column":0},"end":{"line":39,"column":51}},"39":{"start":{"line":40,"column":0},"end":{"line":40,"column":18}},"40":{"start":{"line":41,"column":0},"end":{"line":41,"column":15}},"41":{"start":{"line":42,"column":0},"end":{"line":42,"column":0}},"42":{"start":{"line":43,"column":0},"end":{"line":43,"column":14}},"43":{"start":{"line":44,"column":0},"end":{"line":44,"column":2}},"44":{"start":{"line":45,"column":0},"end":{"line":45,"column":0}},"45":{"start":{"line":46,"column":0},"end":{"line":46,"column":23}}},"s":{"0":1,"1":1,"2":1,"3":1,"4":1,"5":1,"6":1,"7":1,"8":2,"9":2,"10":1,"11":1,"12":1,"13":1,"14":1,"15":1,"16":1,"17":1,"18":1,"19":5,"20":1,"21":1,"22":5,"23":2,"24":2,"25":5,"26":2,"27":1,"28":1,"29":1,"30":2,"31":1,"32":1,"33":2,"34":5,"35":1,"36":1,"37":1,"38":6,"39":6,"40":1,"41":1,"42":1,"43":1,"44":1,"45":1},"branchMap":{"0":{"type":"branch","line":6,"loc":{"start":{"line":6,"column":16},"end":{"line":44,"column":2}},"locations":[{"start":{"line":6,"column":16},"end":{"line":44,"column":2}}]},"1":{"type":"branch","line":8,"loc":{"start":{"line":8,"column":20},"end":{"line":10,"column":4}},"locations":[{"start":{"line":8,"column":20},"end":{"line":10,"column":4}}]},"2":{"type":"branch","line":9,"loc":{"start":{"line":9,"column":8},"end":{"line":9,"column":69}},"locations":[{"start":{"line":9,"column":8},"end":{"line":9,"column":69}}]},"3":{"type":"branch","line":19,"loc":{"start":{"line":19,"column":30},"end":{"line":36,"column":5}},"locations":[{"start":{"line":19,"column":30},"end":{"line":36,"column":5}}]},"4":{"type":"branch","line":20,"loc":{"start":{"line":20,"column":28},"end":{"line":22,"column":5}},"locations":[{"start":{"line":20,"column":28},"end":{"line":22,"column":5}}]},"5":{"type":"branch","line":23,"loc":{"start":{"line":23,"column":28},"end":{"line":25,"column":5}},"locations":[{"start":{"line":23,"column":28},"end":{"line":25,"column":5}}]},"6":{"type":"branch","line":26,"loc":{"start":{"line":26,"column":8},"end":{"line":26,"column":30}},"locations":[{"start":{"line":26,"column":8},"end":{"line":26,"column":30}}]},"7":{"type":"branch","line":26,"loc":{"start":{"line":26,"column":48},"end":{"line":34,"column":5}},"locations":[{"start":{"line":26,"column":48},"end":{"line":34,"column":5}}]},"8":{"type":"branch","line":27,"loc":{"start":{"line":27,"column":37},"end":{"line":30,"column":7}},"locations":[{"start":{"line":27,"column":37},"end":{"line":30,"column":7}}]},"9":{"type":"branch","line":31,"loc":{"start":{"line":31,"column":37},"end":{"line":33,"column":7}},"locations":[{"start":{"line":31,"column":37},"end":{"line":33,"column":7}}]},"10":{"type":"branch","line":38,"loc":{"start":{"line":38,"column":37},"end":{"line":41,"column":5}},"locations":[{"start":{"line":38,"column":37},"end":{"line":41,"column":5}}]}},"b":{"0":[1],"1":[2],"2":[0],"3":[5],"4":[1],"5":[2],"6":[4],"7":[2],"8":[1],"9":[1],"10":[6]},"fnMap":{"0":{"name":"genDiff","decl":{"start":{"line":6,"column":16},"end":{"line":44,"column":2}},"loc":{"start":{"line":6,"column":16},"end":{"line":44,"column":2}},"line":6},"1":{"name":"readFile","decl":{"start":{"line":8,"column":20},"end":{"line":10,"column":4}},"loc":{"start":{"line":8,"column":20},"end":{"line":10,"column":4}},"line":8}},"f":{"0":1,"1":2}}
}
