TN:
SF:src/buildTree.js
FN:3,buildTree
FNF:1
FNH:1
FNDA:40,buildTree
DA:1,1
DA:2,1
DA:3,1
DA:4,40
DA:5,40
DA:6,40
DA:7,40
DA:8,40
DA:9,144
DA:10,40
DA:11,40
DA:12,144
DA:13,16
DA:14,16
DA:15,144
DA:16,32
DA:17,32
DA:18,144
DA:19,32
DA:20,32
DA:21,32
DA:22,32
DA:23,24
DA:24,24
DA:25,40
DA:26,1
DA:27,1
LF:27
LH:27
BRDA:3,0,0,40
BRDA:8,1,0,144
BRDA:9,2,0,40
BRDA:12,3,0,104
BRDA:12,4,0,16
BRDA:15,5,0,88
BRDA:15,6,0,40
BRDA:15,7,0,32
BRDA:18,8,0,56
BRDA:18,9,0,32
BRDA:23,10,0,24
BRF:11
BRH:11
end_of_record
TN:
SF:src/index.js
FN:7,getData
FN:13,genDiff
FNF:2
FNH:2
FNDA:16,getData
FNDA:8,genDiff
DA:1,1
DA:2,1
DA:3,1
DA:4,1
DA:5,1
DA:6,1
DA:7,1
DA:8,16
DA:9,16
DA:10,16
DA:11,16
DA:12,1
DA:13,1
DA:14,8
DA:15,8
DA:16,8
DA:17,8
DA:18,8
DA:19,1
DA:20,1
LF:20
LH:20
BRDA:7,0,0,16
BRDA:13,1,0,8
BRF:2
BRH:2
end_of_record
TN:
SF:src/parsers.js
FN:3,parseFile
FNF:1
FNH:1
FNDA:16,parseFile
DA:1,1
DA:2,1
DA:3,1
DA:4,16
DA:5,16
DA:6,16
DA:7,16
DA:8,16
DA:9,16
DA:10,16
DA:11,16
DA:12,16
DA:13,16
DA:14,1
DA:15,1
LF:15
LH:15
BRDA:3,0,0,16
BRDA:5,1,0,0
BRDA:6,2,0,8
BRDA:8,3,0,8
BRDA:10,4,0,0
BRF:5
BRH:3
end_of_record
TN:
SF:src/formatters/index.js
FN:4,getDataInFormat
FNF:1
FNH:1
FNDA:8,getDataInFormat
DA:1,1
DA:2,1
DA:3,1
DA:4,1
DA:5,8
DA:6,8
DA:7,8
DA:8,8
DA:9,8
DA:10,8
DA:11,8
DA:12,8
DA:13,8
DA:14,8
DA:15,8
DA:16,8
DA:17,8
DA:18,8
DA:19,1
DA:20,1
LF:20
LH:20
BRDA:4,0,0,8
BRDA:6,1,0,4
BRDA:9,2,0,2
BRDA:12,3,0,2
BRDA:15,4,0,0
BRF:5
BRH:4
end_of_record
TN:
SF:src/formatters/plain.js
FN:3,getValue
FN:13,plain
FN:14,iter
FNF:3
FNH:3
FNDA:26,getValue
FNDA:2,plain
FNDA:10,iter
DA:1,1
DA:2,1
DA:3,1
DA:4,26
DA:5,6
DA:6,6
DA:7,26
DA:8,14
DA:9,14
DA:10,6
DA:11,6
DA:12,1
DA:13,1
DA:14,2
DA:15,10
DA:16,0
DA:17,0
DA:18,10
DA:19,10
DA:20,36
DA:21,36
DA:22,36
DA:23,36
DA:24,36
DA:25,36
DA:26,36
DA:27,36
DA:28,36
DA:29,36
DA:30,36
DA:31,36
DA:32,36
DA:33,36
DA:34,36
DA:35,10
DA:36,10
DA:37,10
DA:38,2
DA:39,2
DA:40,2
DA:41,1
DA:42,1
LF:42
LH:40
BRDA:3,0,0,26
BRDA:4,1,0,6
BRDA:4,2,0,6
BRDA:7,3,0,20
BRDA:7,4,0,14
BRDA:10,5,0,6
BRDA:13,6,0,2
BRDA:14,7,0,10
BRDA:15,8,0,0
BRDA:19,9,0,36
BRDA:21,10,0,8
BRDA:23,11,0,10
BRDA:25,12,0,4
BRDA:27,13,0,8
BRDA:29,14,0,6
BRDA:31,15,0,0
BRF:16
BRH:14
end_of_record
TN:
SF:src/formatters/stylish.js
FN:3,indent
FN:5,stringify
FN:21,stylish
FN:22,iter
FN:23,getValue
FNF:5
FNH:5
FNDA:168,indent
FNDA:108,stringify
FNDA:4,stylish
FNDA:20,iter
FNDA:72,getValue
DA:1,1
DA:2,1
DA:3,1
DA:4,1
DA:5,1
DA:6,108
DA:7,80
DA:8,80
DA:9,28
DA:10,28
DA:11,28
DA:12,28
DA:13,28
DA:14,28
DA:15,28
DA:16,28
DA:17,28
DA:18,28
DA:19,28
DA:20,1
DA:21,1
DA:22,4
DA:23,72
DA:24,72
DA:25,72
DA:26,72
DA:27,72
DA:28,72
DA:29,72
DA:30,72
DA:31,72
DA:32,72
DA:33,72
DA:34,72
DA:35,72
DA:36,72
DA:37,72
DA:38,72
DA:39,72
DA:40,4
DA:41,4
DA:42,4
DA:43,1
DA:44,1
LF:44
LH:44
BRDA:3,0,0,168
BRDA:5,1,0,108
BRDA:6,2,0,80
BRDA:9,3,0,28
BRDA:12,4,0,36
BRDA:21,5,0,4
BRDA:22,6,0,20
BRDA:22,7,0,72
BRDA:26,8,0,20
BRDA:28,9,0,8
BRDA:30,10,0,12
BRDA:32,11,0,16
BRDA:34,12,0,16
BRDA:36,13,0,0
BRDA:23,14,0,72
BRF:15
BRH:14
end_of_record
