TN:
SF:src/index.js
FN:6,genDiff
FN:8,readFile
FNF:2
FNH:2
FNDA:1,genDiff
FNDA:2,readFile
DA:1,1
DA:2,1
DA:3,1
DA:4,1
DA:5,1
DA:6,1
DA:7,1
DA:8,1
DA:9,2
DA:10,2
DA:11,1
DA:12,1
DA:13,1
DA:14,1
DA:15,1
DA:16,1
DA:17,1
DA:18,1
DA:19,1
DA:20,5
DA:21,1
DA:22,1
DA:23,5
DA:24,2
DA:25,2
DA:26,5
DA:27,2
DA:28,1
DA:29,1
DA:30,1
DA:31,2
DA:32,1
DA:33,1
DA:34,2
DA:35,5
DA:36,1
DA:37,1
DA:38,1
DA:39,6
DA:40,6
DA:41,1
DA:42,1
DA:43,1
DA:44,1
DA:45,1
DA:46,1
LF:46
LH:46
BRDA:6,0,0,1
BRDA:8,1,0,2
BRDA:9,2,0,0
BRDA:19,3,0,5
BRDA:20,4,0,1
BRDA:23,5,0,2
BRDA:26,6,0,4
BRDA:26,7,0,2
BRDA:27,8,0,1
BRDA:31,9,0,1
BRDA:38,10,0,6
BRF:11
BRH:10
end_of_record
